<?xml version="1.0" encoding="UTF-8"?>
<!-- Generated by org.testng.reporters.JUnitXMLReporter -->
<testsuite ignored="0" hostname="LAPTOP-CCTKEAQQ" failures="1" tests="1" name="MainDDTest" time="7.044" errors="0" timestamp="2026-03-07T21:45:03 IST">
  <testcase classname="testCases.TC_003_LoginDDT" name="verify_Login" time="0.0">
    <failure type="java.lang.RuntimeException" message="java.lang.NullPointerException: Cannot invoke &amp;quot;org.apache.poi.xssf.usermodel.XSSFRow.getLastCellNum()&amp;quot; because &amp;quot;this.row&amp;quot; is null">
      <![CDATA[java.lang.RuntimeException: java.lang.NullPointerException: Cannot invoke "org.apache.poi.xssf.usermodel.XSSFRow.getLastCellNum()" because "this.row" is null
at java.base/java.util.ArrayList.forEach(ArrayList.java:1596)
Caused by: java.lang.NullPointerException: Cannot invoke "org.apache.poi.xssf.usermodel.XSSFRow.getLastCellNum()" because "this.row" is null
at utilities.ExcelUtility.getCellCount(ExcelUtility.java:51)
at utilities.DataProviders.getData(DataProviders.java:20)
... 25 more
... Removed 30 stack frames]]>
    </failure>
  </testcase> <!-- verify_Login -->
</testsuite> <!-- MainDDTest -->
