<?xml version="1.0" encoding="UTF-8"?>
<!-- Generated by org.testng.reporters.JUnitXMLReporter -->
<testsuite ignored="0" hostname="LAPTOP-CCTKEAQQ" failures="1" tests="1" name="Master" time="5.75" errors="0" timestamp="2026-03-07T12:30:21 IST">
  <testcase classname="testCases.TC_003_LoginDDT" name="verify_LoginData" time="0.0">
    <failure type="org.testng.TestNGException" message="
Method public void testCases.TC_003_LoginDDT.verify_LoginData(java.lang.String,java.lang.String,java.lang.String) requires a @DataProvider named : LoginData in class org.testng.annotations.DataProvider">
      <![CDATA[org.testng.TestNGException: 
at java.base/java.util.ArrayList.forEach(ArrayList.java:1596)
... Removed 25 stack frames]]>
    </failure>
  </testcase> <!-- verify_LoginData -->
</testsuite> <!-- Master -->
