<?xml version="1.0" encoding="UTF-8"?>
<testng-results ignored="0" total="2" passed="2" failed="0" skipped="0">
  <reporter-output>
  </reporter-output>
  <suite started-at="2026-03-20T00:06:23 IST" name="Suite" finished-at="2026-03-20T00:06:37 IST" duration-ms="13934">
    <groups>
      <group name="Master">
        <method signature="TC_001_AccountRegistration_test.TestData()[pri:0, instance:testCases.TC_001_AccountRegistration_test@327af41b]" name="TestData" class="testCases.TC_001_AccountRegistration_test"/>
        <method signature="Tc_002_LoginTest.Verify_login()[pri:0, instance:testCases.Tc_002_LoginTest@7674b62c]" name="Verify_login" class="testCases.Tc_002_LoginTest"/>
      </group> <!-- Master -->
      <group name="Sanity">
        <method signature="Tc_002_LoginTest.Verify_login()[pri:0, instance:testCases.Tc_002_LoginTest@7674b62c]" name="Verify_login" class="testCases.Tc_002_LoginTest"/>
      </group> <!-- Sanity -->
      <group name="Regression">
        <method signature="TC_001_AccountRegistration_test.TestData()[pri:0, instance:testCases.TC_001_AccountRegistration_test@327af41b]" name="TestData" class="testCases.TC_001_AccountRegistration_test"/>
      </group> <!-- Regression -->
    </groups>
    <test started-at="2026-03-20T00:06:23 IST" name="Master_Test" finished-at="2026-03-20T00:06:37 IST" duration-ms="13934">
      <class name="testCases.Tc_002_LoginTest">
        <test-method is-config="true" signature="setup(java.lang.String,java.lang.String)[pri:0, instance:testCases.Tc_002_LoginTest@7674b62c]" started-at="2026-03-20T00:06:24 IST" name="setup" finished-at="2026-03-20T00:06:29 IST" duration-ms="4955" status="PASS">
          <params>
            <param index="0">
              <value>
                <![CDATA[windows]]>
              </value>
            </param>
            <param index="1">
              <value>
                <![CDATA[chrome]]>
              </value>
            </param>
          </params>
          <reporter-output>
          </reporter-output>
        </test-method> <!-- setup -->
        <test-method signature="Verify_login()[pri:0, instance:testCases.Tc_002_LoginTest@7674b62c]" started-at="2026-03-20T00:06:29 IST" name="Verify_login" finished-at="2026-03-20T00:06:31 IST" duration-ms="2194" status="PASS">
          <reporter-output>
          </reporter-output>
        </test-method> <!-- Verify_login -->
        <test-method is-config="true" signature="tearDown()[pri:0, instance:testCases.Tc_002_LoginTest@7674b62c]" started-at="2026-03-20T00:06:31 IST" name="tearDown" finished-at="2026-03-20T00:06:31 IST" duration-ms="165" status="PASS">
          <reporter-output>
          </reporter-output>
        </test-method> <!-- tearDown -->
      </class> <!-- testCases.Tc_002_LoginTest -->
      <class name="testCases.TC_001_AccountRegistration_test">
        <test-method is-config="true" signature="setup(java.lang.String,java.lang.String)[pri:0, instance:testCases.TC_001_AccountRegistration_test@327af41b]" started-at="2026-03-20T00:06:31 IST" name="setup" finished-at="2026-03-20T00:06:34 IST" duration-ms="2959" status="PASS">
          <params>
            <param index="0">
              <value>
                <![CDATA[windows]]>
              </value>
            </param>
            <param index="1">
              <value>
                <![CDATA[chrome]]>
              </value>
            </param>
          </params>
          <reporter-output>
          </reporter-output>
        </test-method> <!-- setup -->
        <test-method signature="TestData()[pri:0, instance:testCases.TC_001_AccountRegistration_test@327af41b]" started-at="2026-03-20T00:06:34 IST" name="TestData" finished-at="2026-03-20T00:06:37 IST" duration-ms="2990" status="PASS">
          <reporter-output>
          </reporter-output>
        </test-method> <!-- TestData -->
        <test-method is-config="true" signature="tearDown()[pri:0, instance:testCases.TC_001_AccountRegistration_test@327af41b]" started-at="2026-03-20T00:06:37 IST" name="tearDown" finished-at="2026-03-20T00:06:37 IST" duration-ms="170" status="PASS">
          <reporter-output>
          </reporter-output>
        </test-method> <!-- tearDown -->
      </class> <!-- testCases.TC_001_AccountRegistration_test -->
    </test> <!-- Master_Test -->
  </suite> <!-- Suite -->
</testng-results>
